<?xml version="1.0" encoding="UTF-8"?>
<testsuite xmlns:xsi="http://www.w3.org/2001/XMLSchema-instance" xsi:noNamespaceSchemaLocation="https://maven.apache.org/surefire/maven-surefire-plugin/xsd/surefire-test-report-3.0.xsd" version="3.0" name="periodtracker.rest.RestAPITest" time="1.664" tests="6" errors="0" skipped="0" failures="0">
  <properties>
[...]
</properties>
  <testcase name="testGetSymptoms" classname="periodtracker.rest.RestAPITest" time="0.201">
    <system-out><![CDATA[09:35:07.241 [main] DEBUG org.springframework.test.context.BootstrapUtils - Instantiating CacheAwareContextLoaderDelegate from class [org.springframework.test.context.cache.DefaultCacheAwareContextLoaderDelegate]
09:35:07.250 [main] DEBUG org.springframework.test.context.BootstrapUtils - Instantiating BootstrapContext using constructor [public org.springframework.test.context.support.DefaultBootstrapContext(java.lang.Class,org.springframework.test.context.CacheAwareContextLoaderDelegate)]
09:35:07.278 [main] DEBUG org.springframework.test.context.BootstrapUtils - Instantiating TestContextBootstrapper for test class [periodtracker.rest.RestAPITest] from class [org.springframework.boot.test.context.SpringBootTestContextBootstrapper]
09:35:07.287 [main] DEBUG org.springframework.test.context.support.AbstractContextLoader - Did not detect default resource location for test class [periodtracker.rest.RestAPITest]: class path resource [periodtracker/rest/RestAPITest-context.xml] does not exist
09:35:07.288 [main] DEBUG org.springframework.test.context.support.AbstractContextLoader - Did not detect default resource location for test class [periodtracker.rest.RestAPITest]: class path resource [periodtracker/rest/RestAPITestContext.groovy] does not exist
09:35:07.288 [main] INFO org.springframework.test.context.support.AbstractContextLoader - Could not detect default resource locations for test class [periodtracker.rest.RestAPITest]: no resource found for suffixes {-context.xml, Context.groovy}.
09:35:07.378 [main] DEBUG org.springframework.boot.test.context.SpringBootTestContextBootstrapper - @TestExecutionListeners is not present for class [periodtracker.rest.RestAPITest]: using defaults.
09:35:07.378 [main] INFO org.springframework.boot.test.context.SpringBootTestContextBootstrapper - Loaded default TestExecutionListener class names from location [META-INF/spring.factories]: [org.springframework.boot.test.mock.mockito.MockitoTestExecutionListener, org.springframework.boot.test.mock.mockito.ResetMocksTestExecutionListener, org.springframework.boot.test.autoconfigure.restdocs.RestDocsTestExecutionListener, org.springframework.boot.test.autoconfigure.web.client.MockRestServiceServerResetTestExecutionListener, org.springframework.boot.test.autoconfigure.web.servlet.MockMvcPrintOnlyOnFailureTestExecutionListener, org.springframework.boot.test.autoconfigure.web.servlet.WebDriverTestExecutionListener, org.springframework.boot.test.autoconfigure.webservices.client.MockWebServiceServerTestExecutionListener, org.springframework.test.context.web.ServletTestExecutionListener, org.springframework.test.context.support.DirtiesContextBeforeModesTestExecutionListener, org.springframework.test.context.event.ApplicationEventsTestExecutionListener, org.springframework.test.context.support.DependencyInjectionTestExecutionListener, org.springframework.test.context.support.DirtiesContextTestExecutionListener, org.springframework.test.context.transaction.TransactionalTestExecutionListener, org.springframework.test.context.jdbc.SqlScriptsTestExecutionListener, org.springframework.test.context.event.EventPublishingTestExecutionListener]
09:35:07.387 [main] DEBUG org.springframework.boot.test.context.SpringBootTestContextBootstrapper - Skipping candidate TestExecutionListener [org.springframework.test.context.transaction.TransactionalTestExecutionListener] due to a missing dependency. Specify custom listener classes or make the default listener classes and their required dependencies available. Offending class: [org/springframework/transaction/TransactionDefinition]
09:35:07.387 [main] DEBUG org.springframework.boot.test.context.SpringBootTestContextBootstrapper - Skipping candidate TestExecutionListener [org.springframework.test.context.jdbc.SqlScriptsTestExecutionListener] due to a missing dependency. Specify custom listener classes or make the default listener classes and their required dependencies available. Offending class: [org/springframework/transaction/interceptor/TransactionAttribute]
09:35:07.388 [main] INFO org.springframework.boot.test.context.SpringBootTestContextBootstrapper - Using TestExecutionListeners: [org.springframework.test.context.web.ServletTestExecutionListener@6629ad09, org.springframework.test.context.support.DirtiesContextBeforeModesTestExecutionListener@43e1692f, org.springframework.test.context.event.ApplicationEventsTestExecutionListener@3e7c4815, org.springframework.boot.test.mock.mockito.MockitoTestExecutionListener@27df0f3d, org.springframework.boot.test.autoconfigure.SpringBootDependencyInjectionTestExecutionListener@c35af2a, org.springframework.test.context.support.DirtiesContextTestExecutionListener@44550792, org.springframework.test.context.event.EventPublishingTestExecutionListener@1835d3ed, org.springframework.boot.test.mock.mockito.ResetMocksTestExecutionListener@474c9131, org.springframework.boot.test.autoconfigure.restdocs.RestDocsTestExecutionListener@66213a0d, org.springframework.boot.test.autoconfigure.web.client.MockRestServiceServerResetTestExecutionListener@aa4d8cc, org.springframework.boot.test.autoconfigure.web.servlet.MockMvcPrintOnlyOnFailureTestExecutionListener@3cb8c8ce, org.springframework.boot.test.autoconfigure.web.servlet.WebDriverTestExecutionListener@1fde0371, org.springframework.boot.test.autoconfigure.webservices.client.MockWebServiceServerTestExecutionListener@70c0a3d5]
09:35:07.389 [main] DEBUG org.springframework.test.context.support.AbstractDirtiesContextTestExecutionListener - Before test class: context [DefaultTestContext@2af46afd testClass = RestAPITest, testInstance = [null], testMethod = [null], testException = [null], mergedContextConfiguration = [WebMergedContextConfiguration@760245e1 testClass = RestAPITest, locations = '{}', classes = '{class periodtracker.rest.RestApplication, class periodtracker.rest.RestAPIController, class periodtracker.rest.PersonService}', contextInitializerClasses = '[]', activeProfiles = '{test}', propertySourceLocations = '{}', propertySourceProperties = '{org.springframework.boot.test.context.SpringBootTestContextBootstrapper=true, server.port=0}', contextCustomizers = set[[ImportsContextCustomizer@31ceba99 key = [org.springframework.boot.test.autoconfigure.web.servlet.MockMvcAutoConfiguration, org.springframework.boot.test.autoconfigure.web.servlet.MockMvcWebClientAutoConfiguration, org.springframework.boot.test.autoconfigure.web.servlet.MockMvcWebDriverAutoConfiguration, org.springframework.boot.autoconfigure.security.oauth2.client.servlet.OAuth2ClientAutoConfiguration, org.springframework.boot.autoconfigure.security.oauth2.resource.servlet.OAuth2ResourceServerAutoConfiguration, org.springframework.boot.autoconfigure.security.servlet.SecurityAutoConfiguration, org.springframework.boot.autoconfigure.security.servlet.SecurityFilterAutoConfiguration, org.springframework.boot.autoconfigure.security.servlet.UserDetailsServiceAutoConfiguration, org.springframework.boot.test.autoconfigure.web.servlet.MockMvcSecurityConfiguration]], org.springframework.boot.test.context.filter.ExcludeFilterContextCustomizer@13a37e2a, org.springframework.boot.test.json.DuplicateJsonObjectContextCustomizerFactory$DuplicateJsonObjectContextCustomizer@56de6d6b, org.springframework.boot.test.mock.mockito.MockitoContextCustomizer@0, org.springframework.boot.test.web.client.TestRestTemplateContextCustomizer@304a3655, org.springframework.boot.test.autoconfigure.actuate.metrics.MetricsExportContextCustomizerFactory$DisableMetricExportContextCustomizer@7578e06a, org.springframework.boot.test.autoconfigure.properties.PropertyMappingContextCustomizer@4b3fa0b3, org.springframework.boot.test.autoconfigure.web.servlet.WebDriverContextCustomizerFactory$Customizer@198ef2ce, org.springframework.boot.test.context.SpringBootTestArgs@1, org.springframework.boot.test.context.SpringBootTestWebEnvironment@ae3540e], resourceBasePath = 'src/main/webapp', contextLoader = 'org.springframework.boot.test.context.SpringBootContextLoader', parent = [null]], attributes = map['org.springframework.test.context.web.ServletTestExecutionListener.activateListener' -> false]], class annotated with @DirtiesContext [false] with mode [null].
09:35:07.576 [main] DEBUG org.springframework.test.context.support.DependencyInjectionTestExecutionListener - Performing dependency injection for test context [[DefaultTestContext@2af46afd testClass = RestAPITest, testInstance = periodtracker.rest.RestAPITest@66f5b8fe, testMethod = [null], testException = [null], mergedContextConfiguration = [WebMergedContextConfiguration@760245e1 testClass = RestAPITest, locations = '{}', classes = '{class periodtracker.rest.RestApplication, class periodtracker.rest.RestAPIController, class periodtracker.rest.PersonService}', contextInitializerClasses = '[]', activeProfiles = '{test}', propertySourceLocations = '{}', propertySourceProperties = '{org.springframework.boot.test.context.SpringBootTestContextBootstrapper=true, server.port=0}', contextCustomizers = set[[ImportsContextCustomizer@31ceba99 key = [org.springframework.boot.test.autoconfigure.web.servlet.MockMvcAutoConfiguration, org.springframework.boot.test.autoconfigure.web.servlet.MockMvcWebClientAutoConfiguration, org.springframework.boot.test.autoconfigure.web.servlet.MockMvcWebDriverAutoConfiguration, org.springframework.boot.autoconfigure.security.oauth2.client.servlet.OAuth2ClientAutoConfiguration, org.springframework.boot.autoconfigure.security.oauth2.resource.servlet.OAuth2ResourceServerAutoConfiguration, org.springframework.boot.autoconfigure.security.servlet.SecurityAutoConfiguration, org.springframework.boot.autoconfigure.security.servlet.SecurityFilterAutoConfiguration, org.springframework.boot.autoconfigure.security.servlet.UserDetailsServiceAutoConfiguration, org.springframework.boot.test.autoconfigure.web.servlet.MockMvcSecurityConfiguration]], org.springframework.boot.test.context.filter.ExcludeFilterContextCustomizer@13a37e2a, org.springframework.boot.test.json.DuplicateJsonObjectContextCustomizerFactory$DuplicateJsonObjectContextCustomizer@56de6d6b, org.springframework.boot.test.mock.mockito.MockitoContextCustomizer@0, org.springframework.boot.test.web.client.TestRestTemplateContextCustomizer@304a3655, org.springframework.boot.test.autoconfigure.actuate.metrics.MetricsExportContextCustomizerFactory$DisableMetricExportContextCustomizer@7578e06a, org.springframework.boot.test.autoconfigure.properties.PropertyMappingContextCustomizer@4b3fa0b3, org.springframework.boot.test.autoconfigure.web.servlet.WebDriverContextCustomizerFactory$Customizer@198ef2ce, org.springframework.boot.test.context.SpringBootTestArgs@1, org.springframework.boot.test.context.SpringBootTestWebEnvironment@ae3540e], resourceBasePath = 'src/main/webapp', contextLoader = 'org.springframework.boot.test.context.SpringBootContextLoader', parent = [null]], attributes = map['org.springframework.test.context.web.ServletTestExecutionListener.activateListener' -> false, 'org.springframework.test.context.event.ApplicationEventsTestExecutionListener.recordApplicationEvents' -> false]]].
09:35:07.594 [main] DEBUG org.springframework.core.env.StandardEnvironment - Activating profiles [test]
09:35:07.595 [main] DEBUG org.springframework.test.context.support.TestPropertySourceUtils - Adding inlined properties to environment: {spring.jmx.enabled=false, org.springframework.boot.test.context.SpringBootTestContextBootstrapper=true, server.port=0}

  .   ____          _            __ _ _
 /\\ / ___'_ __ _ _(_)_ __  __ _ \ \ \ \
( ( )\___ | '_ | '_| | '_ \/ _` | \ \ \ \
 \\/  ___)| |_)| | | | | || (_| |  ) ) ) )
  '  |____| .__|_| |_|_| |_\__, | / / / /
 =========|_|==============|___/=/_/_/_/
 :: Spring Boot ::                (v2.7.5)

2023-03-29 09:35:07.758  INFO 72401 --- [           main] periodtracker.rest.RestAPITest           : Starting RestAPITest using Java 17.0.1 on dhcp-10-24-0-140.wlan.ntnu.no with PID 72401 (started by fridaeriksennaess in /Users/fridaeriksennaess/Skole/H2022/KodingH22/ITprosjekt/Prosjekt/gr2214/periodtracker/rest)
2023-03-29 09:35:07.759  INFO 72401 --- [           main] periodtracker.rest.RestAPITest           : The following 1 profile is active: "test"
2023-03-29 09:35:08.283  INFO 72401 --- [           main] o.s.b.w.embedded.tomcat.TomcatWebServer  : Tomcat initialized with port(s): 0 (http)
2023-03-29 09:35:08.292  INFO 72401 --- [           main] o.apache.catalina.core.StandardService   : Starting service [Tomcat]
2023-03-29 09:35:08.292  INFO 72401 --- [           main] org.apache.catalina.core.StandardEngine  : Starting Servlet engine: [Apache Tomcat/9.0.68]
2023-03-29 09:35:08.350  INFO 72401 --- [           main] o.a.c.c.C.[Tomcat].[localhost].[/]       : Initializing Spring embedded WebApplicationContext
2023-03-29 09:35:08.350  INFO 72401 --- [           main] w.s.c.ServletWebServerApplicationContext : Root WebApplicationContext: initialization completed in 576 ms
2023-03-29 09:35:08.568  INFO 72401 --- [           main] o.a.c.c.C.[Tomcat].[localhost].[/]       : Initializing Spring TestDispatcherServlet ''
2023-03-29 09:35:08.569  INFO 72401 --- [           main] o.s.t.web.servlet.TestDispatcherServlet  : Initializing Servlet ''
2023-03-29 09:35:08.569  INFO 72401 --- [           main] o.s.t.web.servlet.TestDispatcherServlet  : Completed initialization in 0 ms
2023-03-29 09:35:08.597  INFO 72401 --- [           main] o.s.b.w.embedded.tomcat.TomcatWebServer  : Tomcat started on port(s): 62363 (http) with context path ''
2023-03-29 09:35:08.601  INFO 72401 --- [           main] periodtracker.rest.RestAPITest           : Started RestAPITest in 1.005 seconds (JVM running for 1.781)
Can not add this person.

MockHttpServletRequest:
      HTTP Method = GET
      Request URI = /getSymptoms/testPerson
       Parameters = {}
          Headers = []
             Body = null
    Session Attrs = {}

Handler:
             Type = periodtracker.rest.RestAPIController
           Method = periodtracker.rest.RestAPIController#getSymptoms(String)

Async:
    Async started = false
     Async result = null

Resolved Exception:
             Type = null

ModelAndView:
        View name = null
             View = null
            Model = null

FlashMap:
       Attributes = null

MockHttpServletResponse:
           Status = 200
    Error message = null
          Headers = [Content-Type:"application/json"]
     Content type = application/json
             Body = {"2022-04-04":["Cramps"]}
    Forwarded URL = null
   Redirected URL = null
          Cookies = []
]]></system-out>
  </testcase>
  <testcase name="removeSymptom" classname="periodtracker.rest.RestAPITest" time="0.014">
    <system-out><![CDATA[Can not add this person.
Can not add this person.

MockHttpServletRequest:
      HTTP Method = DELETE
      Request URI = /removeSymptom/testPerson/2022-04-04/Cramps
       Parameters = {}
          Headers = []
             Body = null
    Session Attrs = {}

Handler:
             Type = periodtracker.rest.RestAPIController
           Method = periodtracker.rest.RestAPIController#removeSymptom(String, String)

Async:
    Async started = false
     Async result = null

Resolved Exception:
             Type = null

ModelAndView:
        View name = null
             View = null
            Model = null

FlashMap:
       Attributes = null

MockHttpServletResponse:
           Status = 200
    Error message = null
          Headers = []
     Content type = null
             Body = 
    Forwarded URL = null
   Redirected URL = null
          Cookies = []
]]></system-out>
  </testcase>
  <testcase name="testAddSymptoms" classname="periodtracker.rest.RestAPITest" time="0.008">
    <system-out><![CDATA[Can not add this person.
]]></system-out>
  </testcase>
  <testcase name="testAddPerson" classname="periodtracker.rest.RestAPITest" time="0.004">
    <system-out><![CDATA[Can not add this person.
Can not add this person.
]]></system-out>
  </testcase>
  <testcase name="testGetPerson" classname="periodtracker.rest.RestAPITest" time="0.005">
    <system-out><![CDATA[Can not add this person.

MockHttpServletRequest:
      HTTP Method = GET
      Request URI = /getPerson/testPerson
       Parameters = {}
          Headers = []
             Body = null
    Session Attrs = {}

Handler:
             Type = periodtracker.rest.RestAPIController
           Method = periodtracker.rest.RestAPIController#getPerson(String)

Async:
    Async started = false
     Async result = null

Resolved Exception:
             Type = null

ModelAndView:
        View name = null
             View = null
            Model = null

FlashMap:
       Attributes = null

MockHttpServletResponse:
           Status = 200
    Error message = null
          Headers = [Content-Type:"application/json"]
     Content type = application/json
             Body = {"name":"testPerson","age":24,"symptomMap":{"2022-04-04":["Cramps"]}}
    Forwarded URL = null
   Redirected URL = null
          Cookies = []
]]></system-out>
  </testcase>
  <testcase name="getSymptomsOnDay" classname="periodtracker.rest.RestAPITest" time="0.008">
    <system-out><![CDATA[Can not add this person.

MockHttpServletRequest:
      HTTP Method = GET
      Request URI = /getSymptomsOnDay/testPerson/2022-04-04
       Parameters = {}
          Headers = []
             Body = null
    Session Attrs = {}

Handler:
             Type = periodtracker.rest.RestAPIController
           Method = periodtracker.rest.RestAPIController#getSymptomsOnDay(String, String)

Async:
    Async started = false
     Async result = null

Resolved Exception:
             Type = null

ModelAndView:
        View name = null
             View = null
            Model = null

FlashMap:
       Attributes = null

MockHttpServletResponse:
           Status = 200
    Error message = null
          Headers = [Content-Type:"application/json"]
     Content type = application/json
             Body = ["Cramps"]
    Forwarded URL = null
   Redirected URL = null
          Cookies = []
]]></system-out>
  </testcase>
</testsuite>