-------------------------------------------------------------------------------
Test set: periodtracker.ui.CalendarControllerTest
-------------------------------------------------------------------------------
Tests run: 9, Failures: 0, Errors: 1, Skipped: 0, Time elapsed: 12.154 s <<< FAILURE! - in periodtracker.ui.CalendarControllerTest
periodtracker.ui.CalendarControllerTest.testAddFutureSymptoms  Time elapsed: 0.302 s  <<< ERROR!
org.testfx.api.FxRobotException: the matcher "Labeled has text "31"" returned no nodes.
	at periodtracker.ui@0.0.1-SNAPSHOT/periodtracker.ui.CalendarControllerTest.testAddFutureSymptoms(CalendarControllerTest.java:97)

