<?xml version="1.0" encoding="UTF-8"?>
<testsuite xmlns:xsi="http://www.w3.org/2001/XMLSchema-instance" xsi:noNamespaceSchemaLocation="https://maven.apache.org/surefire/maven-surefire-plugin/xsd/surefire-test-report-3.0.xsd" version="3.0" name="periodtracker.ui.LoginControllerTest" time="8.125" tests="5" errors="0" skipped="0" failures="0">
  <properties>
[...]
</properties>
  <testcase name="testInvalidName" classname="periodtracker.ui.LoginControllerTest" time="2.4">
    <system-out><![CDATA[Could not get this person, are you sure you have a user?
]]></system-out>
  </testcase>
  <testcase name="testGoBackButton" classname="periodtracker.ui.LoginControllerTest" time="0.709"/>
  <testcase name="testInvalidNameTwo" classname="periodtracker.ui.LoginControllerTest" time="2.477">
    <system-out><![CDATA[Could not get this person, are you sure you have a user?
]]></system-out>
  </testcase>
  <testcase name="testValidPerson" classname="periodtracker.ui.LoginControllerTest" time="1.633"/>
  <testcase name="testEmptyNameInput" classname="periodtracker.ui.LoginControllerTest" time="0.904">
    <system-out><![CDATA[Could not get this person, are you sure you have a user?
]]></system-out>
  </testcase>
</testsuite>